<?xml version="1.0" encoding="UTF-8"?>
<!-- Generated by org.testng.reporters.JUnitReportReporter -->
<testsuite skipped="0" hostname="sam-pc" name="com.hellofresh.apitest.ApiTest" tests="4" failures="0" timestamp="09 Jul 2018 19:47:01 GMT" time="3.672" errors="0">
  <testcase name="getCountriesOneByOne" time="0.704" classname="com.hellofresh.apitest.ApiTest"/>
  <testcase name="getAllRequest" time="1.853" classname="com.hellofresh.apitest.ApiTest"/>
  <testcase name="postAdditionOfNewCountry" time="0.910" classname="com.hellofresh.apitest.ApiTest"/>
  <testcase name="getNonExistentCountry" time="0.205" classname="com.hellofresh.apitest.ApiTest"/>
</testsuite> <!-- com.hellofresh.apitest.ApiTest -->
